<?xml version="1.0" encoding="UTF-8"?>
<coverage generated="1773831995834" clover="3.2.0">
  <project timestamp="1773831995834" name="All files">
    <metrics statements="26" coveredstatements="21" conditionals="25" coveredconditionals="12" methods="7" coveredmethods="4" elements="58" coveredelements="37" complexity="0" loc="26" ncloc="26" packages="6" files="6" classes="6"/>
    <package name="assets.audio">
      <metrics statements="0" coveredstatements="0" conditionals="0" coveredconditionals="0" methods="0" coveredmethods="0"/>
      <file name="switch.mp3" path="/Users/kaito24mako/programming/diploma/react/assessment/react-pokemon-app/src/assets/audio/switch.mp3">
        <metrics statements="0" coveredstatements="0" conditionals="0" coveredconditionals="0" methods="0" coveredmethods="0"/>
      </file>
    </package>
    <package name="assets.icons.logo">
      <metrics statements="0" coveredstatements="0" conditionals="0" coveredconditionals="0" methods="0" coveredmethods="0"/>
      <file name="pokeball.png" path="/Users/kaito24mako/programming/diploma/react/assessment/react-pokemon-app/src/assets/icons/logo/pokeball.png">
        <metrics statements="0" coveredstatements="0" conditionals="0" coveredconditionals="0" methods="0" coveredmethods="0"/>
      </file>
    </package>
    <package name="components.audio">
      <metrics statements="2" coveredstatements="0" conditionals="0" coveredconditionals="0" methods="1" coveredmethods="0"/>
      <file name="switch.js" path="/Users/kaito24mako/programming/diploma/react/assessment/react-pokemon-app/src/components/audio/switch.js">
        <metrics statements="2" coveredstatements="0" conditionals="0" coveredconditionals="0" methods="1" coveredmethods="0"/>
        <line num="4" count="0" type="stmt"/>
        <line num="5" count="0" type="stmt"/>
      </file>
    </package>
    <package name="components.features.theme">
      <metrics statements="10" coveredstatements="8" conditionals="13" coveredconditionals="6" methods="2" coveredmethods="1"/>
      <file name="ThemeToggle.jsx" path="/Users/kaito24mako/programming/diploma/react/assessment/react-pokemon-app/src/components/features/theme/ThemeToggle.jsx">
        <metrics statements="10" coveredstatements="8" conditionals="13" coveredconditionals="6" methods="2" coveredmethods="1"/>
        <line num="5" count="2" type="stmt"/>
        <line num="6" count="2" type="stmt"/>
        <line num="9" count="2" type="stmt"/>
        <line num="10" count="2" type="cond" truecount="2" falsecount="2"/>
        <line num="11" count="2" type="stmt"/>
        <line num="12" count="0" type="stmt"/>
        <line num="13" count="0" type="stmt"/>
        <line num="14" count="2" type="cond" truecount="1" falsecount="1"/>
        <line num="16" count="2" type="cond" truecount="3" falsecount="4"/>
        <line num="17" count="2" type="stmt"/>
      </file>
    </package>
    <package name="components.layout">
      <metrics statements="5" coveredstatements="5" conditionals="4" coveredconditionals="2" methods="1" coveredmethods="1"/>
      <file name="Navbar.jsx" path="/Users/kaito24mako/programming/diploma/react/assessment/react-pokemon-app/src/components/layout/Navbar.jsx">
        <metrics statements="5" coveredstatements="5" conditionals="4" coveredconditionals="2" methods="1" coveredmethods="1"/>
        <line num="6" count="2" type="cond" truecount="1" falsecount="1"/>
        <line num="8" count="2" type="stmt"/>
        <line num="9" count="2" type="stmt"/>
        <line num="13" count="2" type="cond" truecount="1" falsecount="1"/>
        <line num="24" count="2" type="stmt"/>
      </file>
    </package>
    <package name="context">
      <metrics statements="9" coveredstatements="8" conditionals="8" coveredconditionals="4" methods="3" coveredmethods="2"/>
      <file name="ThemeContext.jsx" path="/Users/kaito24mako/programming/diploma/react/assessment/react-pokemon-app/src/context/ThemeContext.jsx">
        <metrics statements="9" coveredstatements="8" conditionals="8" coveredconditionals="4" methods="3" coveredmethods="2"/>
        <line num="6" count="1" type="stmt"/>
        <line num="8" count="2" type="stmt"/>
        <line num="9" count="2" type="cond" truecount="1" falsecount="1"/>
        <line num="11" count="2" type="stmt"/>
        <line num="12" count="0" type="stmt"/>
        <line num="13" count="2" type="cond" truecount="1" falsecount="1"/>
        <line num="16" count="2" type="cond" truecount="2" falsecount="2"/>
        <line num="18" count="2" type="stmt"/>
        <line num="22" count="2" type="stmt"/>
      </file>
    </package>
  </project>
</coverage>
