{"/Users/kaito24mako/programming/diploma/react/assessment/react-pokemon-app/src/assets/audio/switch.mp3": {"path":"/Users/kaito24mako/programming/diploma/react/assessment/react-pokemon-app/src/assets/audio/switch.mp3","statementMap":{},"fnMap":{},"branchMap":{},"s":{},"f":{},"b":{},"meta":{"lastBranch":0,"lastFunction":0,"lastStatement":0,"seen":{}}}
,"/Users/kaito24mako/programming/diploma/react/assessment/react-pokemon-app/src/assets/icons/logo/pokeball.png": {"path":"/Users/kaito24mako/programming/diploma/react/assessment/react-pokemon-app/src/assets/icons/logo/pokeball.png","statementMap":{},"fnMap":{},"branchMap":{},"s":{},"f":{},"b":{},"meta":{"lastBranch":0,"lastFunction":0,"lastStatement":0,"seen":{}}}
,"/Users/kaito24mako/programming/diploma/react/assessment/react-pokemon-app/src/components/audio/switch.js": {"path":"/Users/kaito24mako/programming/diploma/react/assessment/react-pokemon-app/src/components/audio/switch.js","statementMap":{"0":{"start":{"line":4,"column":16},"end":{"line":4,"column":38}},"1":{"start":{"line":5,"column":2},"end":{"line":5,"column":null}}},"fnMap":{"0":{"name":"playSwitchSound","decl":{"start":{"line":3,"column":16},"end":{"line":3,"column":31}},"loc":{"start":{"line":3,"column":34},"end":{"line":6,"column":null}},"line":3}},"branchMap":{},"s":{"0":0,"1":0},"f":{"0":0},"b":{},"meta":{"lastBranch":0,"lastFunction":1,"lastStatement":2,"seen":{"f:3:16:3:31":0,"s:4:16:4:38":0,"s:5:2:5:Infinity":1}}}
,"/Users/kaito24mako/programming/diploma/react/assessment/react-pokemon-app/src/components/features/theme/ThemeToggle.jsx": {"path":"/Users/kaito24mako/programming/diploma/react/assessment/react-pokemon-app/src/components/features/theme/ThemeToggle.jsx","statementMap":{"0":{"start":{"line":5,"column":0},"end":{"line":5,"column":null}},"1":{"start":{"line":6,"column":2},"end":{"line":6,"column":null}},"2":{"start":{"line":10,"column":17},"end":{"line":10,"column":75}},"3":{"start":{"line":10,"column":75},"end":{"line":14,"column":null}},"4":{"start":{"line":11,"column":15},"end":{"line":13,"column":null}},"5":{"start":{"line":12,"column":8},"end":{"line":12,"column":null}},"6":{"start":{"line":13,"column":8},"end":{"line":13,"column":25}},"7":{"start":{"line":14,"column":7},"end":{"line":14,"column":null}},"8":{"start":{"line":14,"column":7},"end":{"line":16,"column":null}},"9":{"start":{"line":16,"column":7},"end":{"line":16,"column":48}},"10":{"start":{"line":16,"column":48},"end":{"line":16,"column":null}},"11":{"start":{"line":16,"column":48},"end":{"line":17,"column":null}},"12":{"start":{"line":9,"column":4},"end":{"line":17,"column":13}},"13":{"start":{"line":17,"column":13},"end":{"line":17,"column":null}},"14":{"start":{"line":17,"column":13},"end":{"line":9,"column":null}}},"fnMap":{"0":{"name":"ThemeToggle","decl":{"start":{"line":5,"column":0},"end":{"line":5,"column":null}},"loc":{"start":{"line":5,"column":0},"end":{"line":17,"column":null}},"line":5},"1":{"name":"(anonymous_1)","decl":{"start":{"line":11,"column":15},"end":{"line":11,"column":null}},"loc":{"start":{"line":11,"column":15},"end":{"line":13,"column":null}},"line":11}},"branchMap":{"0":{"loc":{"start":{"line":10,"column":34},"end":{"line":10,"column":73}},"type":"cond-expr","locations":[{"start":{"line":10,"column":34},"end":{"line":10,"column":73}},{"start":{"line":10,"column":34},"end":{"line":10,"column":73}}],"line":10},"1":{"loc":{"start":{"line":10,"column":75},"end":{"line":14,"column":null}},"type":"if","locations":[{"start":{"line":10,"column":75},"end":{"line":14,"column":null}},{"start":{"line":14,"column":7},"end":{"line":14,"column":null}}],"line":10},"2":{"loc":{"start":{"line":14,"column":7},"end":{"line":16,"column":null}},"type":"if","locations":[{"start":{"line":14,"column":7},"end":{"line":16,"column":null}},{"start":{"line":16,"column":48},"end":{"line":16,"column":null}}],"line":14},"3":{"loc":{"start":{"line":16,"column":7},"end":{"line":16,"column":48}},"type":"cond-expr","locations":[{"start":{"line":16,"column":16},"end":{"line":16,"column":33}},{"start":{"line":16,"column":33},"end":{"line":16,"column":48}}],"line":16},"4":{"loc":{"start":{"line":16,"column":48},"end":{"line":17,"column":null}},"type":"if","locations":[{"start":{"line":16,"column":48},"end":{"line":17,"column":null}},{"start":{"line":17,"column":13},"end":{"line":17,"column":null}}],"line":16},"5":{"loc":{"start":{"line":16,"column":48},"end":{"line":16,"column":null}},"type":"binary-expr","locations":[{"start":{"line":16,"column":48},"end":{"line":16,"column":null}},{"start":{"line":16,"column":48},"end":{"line":16,"column":null}},{"start":{"line":16,"column":48},"end":{"line":16,"column":null}}],"line":16}},"s":{"0":2,"1":2,"2":2,"3":2,"4":2,"5":0,"6":0,"7":0,"8":2,"9":2,"10":0,"11":2,"12":2,"13":0,"14":2},"f":{"0":2,"1":0},"b":{"0":[0,2],"1":[2,0],"2":[2,0],"3":[0,2],"4":[2,0],"5":[2,0,0]},"meta":{"lastBranch":6,"lastFunction":2,"lastStatement":15,"seen":{"f:5:0:5:Infinity":0,"s:5:0:5:Infinity":0,"s:6:2:6:Infinity":1,"s:10:17:10:75":2,"b:10:34:10:73:10:34:10:73":0,"b:10:75:14:Infinity:14:7:14:Infinity":1,"s:10:75:14:Infinity":3,"s:11:15:13:Infinity":4,"f:11:15:11:Infinity":1,"s:12:8:12:Infinity":5,"s:13:8:13:25":6,"s:14:7:14:Infinity":7,"b:14:7:16:Infinity:16:48:16:Infinity":2,"s:14:7:16:Infinity":8,"s:16:7:16:48":9,"b:16:16:16:33:16:33:16:48":3,"s:16:48:16:Infinity":10,"b:16:48:17:Infinity:17:13:17:Infinity":4,"s:16:48:17:Infinity":11,"b:16:48:16:Infinity:16:48:16:Infinity:16:48:16:Infinity":5,"s:9:4:17:13":12,"s:17:13:17:Infinity":13,"s:17:13:9:Infinity":14}}}
,"/Users/kaito24mako/programming/diploma/react/assessment/react-pokemon-app/src/components/layout/Navbar.jsx": {"path":"/Users/kaito24mako/programming/diploma/react/assessment/react-pokemon-app/src/components/layout/Navbar.jsx","statementMap":{"0":{"start":{"line":6,"column":0},"end":{"line":6,"column":null}},"1":{"start":{"line":6,"column":0},"end":{"line":13,"column":null}},"2":{"start":{"line":9,"column":6},"end":{"line":13,"column":13}},"3":{"start":{"line":13,"column":13},"end":{"line":13,"column":null}},"4":{"start":{"line":13,"column":13},"end":{"line":24,"column":null}},"5":{"start":{"line":8,"column":4},"end":{"line":24,"column":10}},"6":{"start":{"line":24,"column":10},"end":{"line":24,"column":null}},"7":{"start":{"line":24,"column":10},"end":{"line":8,"column":19}}},"fnMap":{"0":{"name":"Navbar","decl":{"start":{"line":6,"column":0},"end":{"line":6,"column":null}},"loc":{"start":{"line":6,"column":0},"end":{"line":24,"column":null}},"line":6}},"branchMap":{"0":{"loc":{"start":{"line":6,"column":0},"end":{"line":13,"column":null}},"type":"if","locations":[{"start":{"line":6,"column":0},"end":{"line":13,"column":null}},{"start":{"line":13,"column":13},"end":{"line":13,"column":null}}],"line":6},"1":{"loc":{"start":{"line":13,"column":13},"end":{"line":24,"column":null}},"type":"if","locations":[{"start":{"line":13,"column":13},"end":{"line":24,"column":null}},{"start":{"line":24,"column":10},"end":{"line":24,"column":null}}],"line":13}},"s":{"0":2,"1":2,"2":2,"3":0,"4":2,"5":2,"6":0,"7":2},"f":{"0":2},"b":{"0":[2,0],"1":[2,0]},"meta":{"lastBranch":2,"lastFunction":1,"lastStatement":8,"seen":{"f:6:0:6:Infinity":0,"s:6:0:6:Infinity":0,"b:6:0:13:Infinity:13:13:13:Infinity":0,"s:6:0:13:Infinity":1,"s:9:6:13:13":2,"s:13:13:13:Infinity":3,"b:13:13:24:Infinity:24:10:24:Infinity":1,"s:13:13:24:Infinity":4,"s:8:4:24:10":5,"s:24:10:24:Infinity":6,"s:24:10:8:19":7}}}
,"/Users/kaito24mako/programming/diploma/react/assessment/react-pokemon-app/src/context/ThemeContext.jsx": {"path":"/Users/kaito24mako/programming/diploma/react/assessment/react-pokemon-app/src/context/ThemeContext.jsx","statementMap":{"0":{"start":{"line":6,"column":6},"end":{"line":6,"column":null}},"1":{"start":{"line":8,"column":7},"end":{"line":8,"column":30}},"2":{"start":{"line":8,"column":30},"end":{"line":8,"column":null}},"3":{"start":{"line":9,"column":2},"end":{"line":9,"column":46}},"4":{"start":{"line":9,"column":46},"end":{"line":13,"column":null}},"5":{"start":{"line":11,"column":2},"end":{"line":12,"column":null}},"6":{"start":{"line":12,"column":4},"end":{"line":12,"column":30}},"7":{"start":{"line":13,"column":3},"end":{"line":13,"column":null}},"8":{"start":{"line":11,"column":2},"end":{"line":11,"column":null}},"9":{"start":{"line":13,"column":3},"end":{"line":16,"column":null}},"10":{"start":{"line":16,"column":34},"end":{"line":16,"column":57}},"11":{"start":{"line":16,"column":57},"end":{"line":16,"column":null}},"12":{"start":{"line":16,"column":57},"end":{"line":18,"column":null}},"13":{"start":{"line":16,"column":4},"end":{"line":18,"column":28}},"14":{"start":{"line":18,"column":28},"end":{"line":18,"column":null}},"15":{"start":{"line":18,"column":28},"end":{"line":16,"column":34}},"16":{"start":{"line":8,"column":7},"end":{"line":12,"column":29}},"17":{"start":{"line":22,"column":7},"end":{"line":23,"column":33}}},"fnMap":{"0":{"name":"ThemeProvider","decl":{"start":{"line":8,"column":7},"end":{"line":8,"column":30}},"loc":{"start":{"line":8,"column":7},"end":{"line":18,"column":null}},"line":8},"1":{"name":"toggleTheme2","decl":{"start":{"line":11,"column":2},"end":{"line":11,"column":null}},"loc":{"start":{"line":11,"column":2},"end":{"line":12,"column":null}},"line":11},"2":{"name":"useTheme","decl":{"start":{"line":22,"column":7},"end":{"line":22,"column":null}},"loc":{"start":{"line":22,"column":7},"end":{"line":23,"column":null}},"line":22}},"branchMap":{"0":{"loc":{"start":{"line":9,"column":46},"end":{"line":13,"column":null}},"type":"if","locations":[{"start":{"line":9,"column":46},"end":{"line":13,"column":null}},{"start":{"line":13,"column":3},"end":{"line":13,"column":null}}],"line":9},"1":{"loc":{"start":{"line":13,"column":3},"end":{"line":16,"column":null}},"type":"if","locations":[{"start":{"line":13,"column":3},"end":{"line":16,"column":null}},{"start":{"line":16,"column":57},"end":{"line":16,"column":null}}],"line":13},"2":{"loc":{"start":{"line":16,"column":57},"end":{"line":18,"column":null}},"type":"if","locations":[{"start":{"line":16,"column":57},"end":{"line":18,"column":null}},{"start":{"line":18,"column":28},"end":{"line":18,"column":null}}],"line":16},"3":{"loc":{"start":{"line":16,"column":57},"end":{"line":16,"column":null}},"type":"binary-expr","locations":[{"start":{"line":16,"column":57},"end":{"line":16,"column":null}},{"start":{"line":16,"column":57},"end":{"line":16,"column":null}}],"line":16}},"s":{"0":1,"1":2,"2":2,"3":2,"4":2,"5":2,"6":0,"7":0,"8":2,"9":2,"10":2,"11":0,"12":2,"13":2,"14":0,"15":2,"16":0,"17":2},"f":{"0":2,"1":0,"2":2},"b":{"0":[2,0],"1":[2,0],"2":[2,0],"3":[2,0]},"meta":{"lastBranch":4,"lastFunction":3,"lastStatement":18,"seen":{"s:6:6:6:Infinity":0,"f:8:7:8:30":0,"s:8:7:8:30":1,"s:8:30:8:Infinity":2,"s:9:2:9:46":3,"b:9:46:13:Infinity:13:3:13:Infinity":0,"s:9:46:13:Infinity":4,"s:11:2:12:Infinity":5,"f:11:2:11:Infinity":1,"s:12:4:12:30":6,"s:13:3:13:Infinity":7,"s:11:2:11:Infinity":8,"b:13:3:16:Infinity:16:57:16:Infinity":1,"s:13:3:16:Infinity":9,"s:16:34:16:57":10,"s:16:57:16:Infinity":11,"b:16:57:18:Infinity:18:28:18:Infinity":2,"s:16:57:18:Infinity":12,"b:16:57:16:Infinity:16:57:16:Infinity":3,"s:16:4:18:28":13,"s:18:28:18:Infinity":14,"s:18:28:16:34":15,"s:8:7:12:29":16,"f:22:7:22:Infinity":2,"s:22:7:23:33":17}}}
}
